<?xml version="1.0" encoding="UTF-8"?>
<coverage generated="1530833758">
  <project timestamp="1530833758">
    <package name="Internetcode\LaravelUserSettings\Exceptions">
      <file name="/Users/Zander/Documents/Workspace/PackageDevelopment/packages/internetcode/laravel-user-settings/src/Exceptions/InvalidUserSettingsFieldUsed.php">
        <class name="Internetcode\LaravelUserSettings\Exceptions\InvalidUserSettingsFieldUsed" namespace="Internetcode\LaravelUserSettings\Exceptions">
          <metrics complexity="0" methods="0" coveredmethods="0" conditionals="0" coveredconditionals="0" statements="0" coveredstatements="0" elements="0" coveredelements="0"/>
        </class>
        <metrics loc="6" ncloc="6" classes="0" methods="0" coveredmethods="0" conditionals="0" coveredconditionals="0" statements="0" coveredstatements="0" elements="0" coveredelements="0"/>
      </file>
    </package>
    <package name="Internetcode\LaravelUserSettings\Helpers">
      <file name="/Users/Zander/Documents/Workspace/PackageDevelopment/packages/internetcode/laravel-user-settings/src/Helpers/BitwiseConverter.php">
        <class name="Internetcode\LaravelUserSettings\Helpers\BitwiseConverter" namespace="Internetcode\LaravelUserSettings\Helpers">
          <metrics complexity="2" methods="1" coveredmethods="1" conditionals="0" coveredconditionals="0" statements="6" coveredstatements="6" elements="7" coveredelements="7"/>
        </class>
        <line num="17" type="method" name="arrayToBitwiseList" visibility="public" complexity="2" crap="2" count="3"/>
        <line num="19" type="stmt" count="3"/>
        <line num="20" type="stmt" count="3"/>
        <line num="21" type="stmt" count="3"/>
        <line num="22" type="stmt" count="3"/>
        <line num="23" type="stmt" count="3"/>
        <line num="25" type="stmt" count="3"/>
        <metrics loc="27" ncloc="17" classes="1" methods="1" coveredmethods="1" conditionals="0" coveredconditionals="0" statements="6" coveredstatements="6" elements="7" coveredelements="7"/>
      </file>
    </package>
    <package name="Internetcode\LaravelUserSettings">
      <file name="/Users/Zander/Documents/Workspace/PackageDevelopment/packages/internetcode/laravel-user-settings/src/LaravelUserSettingsServiceProvider.php">
        <class name="Internetcode\LaravelUserSettings\LaravelUserSettingsServiceProvider" namespace="Internetcode\LaravelUserSettings">
          <metrics complexity="3" methods="2" coveredmethods="2" conditionals="0" coveredconditionals="0" statements="10" coveredstatements="10" elements="12" coveredelements="12"/>
        </class>
        <line num="14" type="method" name="boot" visibility="public" complexity="2" crap="2" count="4"/>
        <line num="16" type="stmt" count="4"/>
        <line num="17" type="stmt" count="4"/>
        <line num="18" type="stmt" count="4"/>
        <line num="20" type="stmt" count="4"/>
        <line num="21" type="stmt" count="1"/>
        <line num="22" type="stmt" count="1"/>
        <line num="23" type="stmt" count="1"/>
        <line num="24" type="stmt" count="1"/>
        <line num="26" type="stmt" count="4"/>
        <line num="33" type="method" name="register" visibility="public" complexity="1" crap="1" count="4"/>
        <line num="36" type="stmt" count="4"/>
        <metrics loc="37" ncloc="25" classes="1" methods="2" coveredmethods="2" conditionals="0" coveredconditionals="0" statements="10" coveredstatements="10" elements="12" coveredelements="12"/>
      </file>
    </package>
    <package name="Internetcode\LaravelUserSettings\Traits">
      <file name="/Users/Zander/Documents/Workspace/PackageDevelopment/packages/internetcode/laravel-user-settings/src/Traits/HasSettingsTrait.php">
        <class name="HasSettingsTrait" namespace="Internetcode\LaravelUserSettings\Traits">
          <metrics complexity="14" methods="7" coveredmethods="7" conditionals="0" coveredconditionals="0" statements="23" coveredstatements="23" elements="30" coveredelements="30"/>
        </class>
        <line num="20" type="method" name="setting" visibility="public" complexity="2" crap="2" count="2"/>
        <line num="22" type="stmt" count="2"/>
        <line num="26" type="stmt" count="1"/>
        <line num="27" type="stmt" count="1"/>
        <line num="29" type="stmt" count="1"/>
        <line num="43" type="method" name="setSetting" visibility="public" complexity="5" crap="5" count="2"/>
        <line num="45" type="stmt" count="2"/>
        <line num="47" type="stmt" count="1"/>
        <line num="48" type="stmt" count="1"/>
        <line num="51" type="stmt" count="1"/>
        <line num="52" type="stmt" count="1"/>
        <line num="53" type="stmt" count="1"/>
        <line num="54" type="stmt" count="1"/>
        <line num="57" type="stmt" count="1"/>
        <line num="58" type="stmt" count="1"/>
        <line num="70" type="method" name="getSetting" visibility="public" complexity="2" crap="2" count="1"/>
        <line num="72" type="stmt" count="1"/>
        <line num="73" type="stmt" count="1"/>
        <line num="74" type="stmt" count="1"/>
        <line num="76" type="stmt" count="1"/>
        <line num="86" type="method" name="getSettingFields" visibility="public" complexity="1" crap="1" count="3"/>
        <line num="88" type="stmt" count="3"/>
        <line num="98" type="method" name="getSettingsColumn" visibility="public" complexity="1" crap="1" count="1"/>
        <line num="100" type="stmt" count="1"/>
        <line num="109" type="method" name="getBitwiseList" visibility="protected" complexity="1" crap="1" count="2"/>
        <line num="111" type="stmt" count="2"/>
        <line num="123" type="method" name="validateKey" visibility="protected" complexity="2" crap="2" count="2"/>
        <line num="125" type="stmt" count="2"/>
        <line num="126" type="stmt" count="1"/>
        <line num="128" type="stmt" count="1"/>
        <metrics loc="128" ncloc="64" classes="1" methods="7" coveredmethods="7" conditionals="0" coveredconditionals="0" statements="23" coveredstatements="23" elements="30" coveredelements="30"/>
      </file>
    </package>
    <file name="/Users/Zander/Documents/Workspace/PackageDevelopment/packages/internetcode/laravel-user-settings/src/helpers.php">
      <line num="1" type="stmt" count="0"/>
      <metrics loc="0" ncloc="0" classes="0" methods="0" coveredmethods="0" conditionals="0" coveredconditionals="0" statements="1" coveredstatements="0" elements="1" coveredelements="0"/>
    </file>
    <metrics files="5" loc="198" ncloc="112" classes="3" methods="10" coveredmethods="10" conditionals="0" coveredconditionals="0" statements="40" coveredstatements="39" elements="50" coveredelements="49"/>
  </project>
</coverage>
